<?xml version="1.0" encoding="UTF-8"?>
<!-- Generated by org.testng.reporters.JUnitXMLReporter -->
<testsuite hostname="Codys-Mac.local" ignored="0" name="Command line test d74c0649-64b4-4849-85c3-06e4edb894e7" tests="2" failures="1" timestamp="04 Apr 2018 22:38:22 GMT" time="836.004" errors="0">
  <testcase name="prankcaller" time="388.218" classname="test.tests.launchApp.Tests"/>
  <testcase name="launchApp" time="280.24" classname="test.tests.launchApp.Tests">
    <failure type="java.lang.AssertionError" message="null">
      <![CDATA[java.lang.AssertionError: null
at test.tests.launchApp.Tests.launchApp(Tests.java:434)
at java.util.concurrent.ThreadPoolExecutor.runWorker(ThreadPoolExecutor.java:1149)
at java.util.concurrent.ThreadPoolExecutor$Worker.run(ThreadPoolExecutor.java:624)
at java.lang.Thread.run(Thread.java:748)
... Removed 12 stack frames]]>
    </failure>
  </testcase> <!-- launchApp -->
</testsuite> <!-- Command line test d74c0649-64b4-4849-85c3-06e4edb894e7 -->
