<?xml version="1.0" encoding="UTF-8"?>
<!-- Generated by org.testng.reporters.JUnitXMLReporter -->
<testsuite hostname="Codys-Mac.local" ignored="0" name="Command line test 3cf626a6-f922-4c32-8e7a-1d38566bb46e" tests="2" failures="1" timestamp="01 Apr 2018 00:05:59 GMT" time="690.056" errors="0">
  <testcase name="prankcaller" time="357.392" classname="test.tests.launchApp.Tests"/>
  <testcase name="launchApp" time="165.371" classname="test.tests.launchApp.Tests">
    <failure type="java.lang.AssertionError" message="null">
      <![CDATA[java.lang.AssertionError: null
at test.tests.launchApp.Tests.launchApp(Tests.java:434)
at java.util.concurrent.ThreadPoolExecutor.runWorker(ThreadPoolExecutor.java:1149)
at java.util.concurrent.ThreadPoolExecutor$Worker.run(ThreadPoolExecutor.java:624)
at java.lang.Thread.run(Thread.java:748)
... Removed 12 stack frames]]>
    </failure>
  </testcase> <!-- launchApp -->
</testsuite> <!-- Command line test 3cf626a6-f922-4c32-8e7a-1d38566bb46e -->
