<?xml version="1.0" encoding="UTF-8"?>
<!-- Generated by org.testng.reporters.JUnitXMLReporter -->
<testsuite hostname="Codys-Mac.local" ignored="0" name="Command line test cfe14673-0a21-4d59-9488-0348a5250b23" tests="1" failures="1" timestamp="24 Mar 2018 07:36:25 GMT" time="558.541" errors="0">
  <testcase name="prankcaller" time="376.046" classname="test.tests.launchApp.Tests">
    <failure type="java.lang.AssertionError" message="null">
      <![CDATA[java.lang.AssertionError: null
at test.tests.launchApp.Tests.prankcaller(Tests.java:210)
at java.util.concurrent.ThreadPoolExecutor.runWorker(ThreadPoolExecutor.java:1149)
at java.util.concurrent.ThreadPoolExecutor$Worker.run(ThreadPoolExecutor.java:624)
at java.lang.Thread.run(Thread.java:748)
... Removed 12 stack frames]]>
    </failure>
  </testcase> <!-- prankcaller -->
</testsuite> <!-- Command line test cfe14673-0a21-4d59-9488-0348a5250b23 -->
