<?xml version="1.0" encoding="UTF-8"?>
<!-- Generated by org.testng.reporters.JUnitXMLReporter -->
<testsuite hostname="Codys-Mac.local" ignored="0" name="Command line test a8258320-5866-4d05-a87c-2f186ffbd3ba" tests="2" failures="1" timestamp="04 Apr 2018 23:38:36 GMT" time="851.23" errors="0">
  <testcase name="prankcaller" time="391.903" classname="test.tests.launchApp.Tests"/>
  <testcase name="launchApp" time="287.637" classname="test.tests.launchApp.Tests">
    <failure type="java.lang.AssertionError" message="null">
      <![CDATA[java.lang.AssertionError: null
at test.tests.launchApp.Tests.launchApp(Tests.java:434)
at java.util.concurrent.ThreadPoolExecutor.runWorker(ThreadPoolExecutor.java:1149)
at java.util.concurrent.ThreadPoolExecutor$Worker.run(ThreadPoolExecutor.java:624)
at java.lang.Thread.run(Thread.java:748)
... Removed 12 stack frames]]>
    </failure>
  </testcase> <!-- launchApp -->
</testsuite> <!-- Command line test a8258320-5866-4d05-a87c-2f186ffbd3ba -->
