<?xml version="1.0" encoding="UTF-8"?>
<!-- Generated by org.testng.reporters.JUnitXMLReporter -->
<testsuite hostname="Codys-Mac.local" ignored="0" name="Command line test bb63077b-354e-47b2-ba2d-213e3ab258ca" tests="2" failures="1" timestamp="04 Apr 2018 04:38:11 GMT" time="823.36" errors="0">
  <testcase name="prankcaller" time="371.271" classname="test.tests.launchApp.Tests"/>
  <testcase name="launchApp" time="288.271" classname="test.tests.launchApp.Tests">
    <failure type="java.lang.AssertionError" message="null">
      <![CDATA[java.lang.AssertionError: null
at test.tests.launchApp.Tests.launchApp(Tests.java:434)
at java.util.concurrent.ThreadPoolExecutor.runWorker(ThreadPoolExecutor.java:1149)
at java.util.concurrent.ThreadPoolExecutor$Worker.run(ThreadPoolExecutor.java:624)
at java.lang.Thread.run(Thread.java:748)
... Removed 12 stack frames]]>
    </failure>
  </testcase> <!-- launchApp -->
</testsuite> <!-- Command line test bb63077b-354e-47b2-ba2d-213e3ab258ca -->
