<?xml version="1.0" encoding="UTF-8"?>
<!-- Generated by org.testng.reporters.JUnitXMLReporter -->
<testsuite hostname="Codys-Mac.local" ignored="0" name="Command line test f812b794-2a86-46d2-8881-026d495310e9" tests="2" failures="1" timestamp="03 Apr 2018 08:38:15 GMT" time="828.665" errors="0">
  <testcase name="prankcaller" time="372.512" classname="test.tests.launchApp.Tests"/>
  <testcase name="launchApp" time="288.201" classname="test.tests.launchApp.Tests">
    <failure type="java.lang.AssertionError" message="null">
      <![CDATA[java.lang.AssertionError: null
at test.tests.launchApp.Tests.launchApp(Tests.java:434)
at java.util.concurrent.ThreadPoolExecutor.runWorker(ThreadPoolExecutor.java:1149)
at java.util.concurrent.ThreadPoolExecutor$Worker.run(ThreadPoolExecutor.java:624)
at java.lang.Thread.run(Thread.java:748)
... Removed 12 stack frames]]>
    </failure>
  </testcase> <!-- launchApp -->
</testsuite> <!-- Command line test f812b794-2a86-46d2-8881-026d495310e9 -->
