<?xml version="1.0" encoding="UTF-8"?>
<!-- Generated by org.testng.reporters.JUnitXMLReporter -->
<testsuite hostname="Codys-Mac.local" ignored="0" name="Command line test 19389845-cc95-4cfc-af19-e99d9d28fcf2" tests="2" failures="1" timestamp="01 Apr 2018 12:06:46 GMT" time="738.898" errors="0">
  <testcase name="prankcaller" time="372.928" classname="test.tests.launchApp.Tests"/>
  <testcase name="launchApp" time="188.551" classname="test.tests.launchApp.Tests">
    <failure type="java.lang.AssertionError" message="null">
      <![CDATA[java.lang.AssertionError: null
at test.tests.launchApp.Tests.launchApp(Tests.java:434)
at java.util.concurrent.ThreadPoolExecutor.runWorker(ThreadPoolExecutor.java:1149)
at java.util.concurrent.ThreadPoolExecutor$Worker.run(ThreadPoolExecutor.java:624)
at java.lang.Thread.run(Thread.java:748)
... Removed 12 stack frames]]>
    </failure>
  </testcase> <!-- launchApp -->
</testsuite> <!-- Command line test 19389845-cc95-4cfc-af19-e99d9d28fcf2 -->
