<?xml version="1.0" encoding="UTF-8"?>
<!-- Generated by org.testng.reporters.JUnitXMLReporter -->
<testsuite hostname="Codys-Mac.local" ignored="0" name="Command line test d7a88521-2ad8-48db-a869-2395276b7e57" tests="2" failures="1" timestamp="03 Apr 2018 16:08:42 GMT" time="855.019" errors="0">
  <testcase name="prankcaller" time="387.117" classname="test.tests.launchApp.Tests"/>
  <testcase name="launchApp" time="290.105" classname="test.tests.launchApp.Tests">
    <failure type="java.lang.AssertionError" message="null">
      <![CDATA[java.lang.AssertionError: null
at test.tests.launchApp.Tests.launchApp(Tests.java:434)
at java.util.concurrent.ThreadPoolExecutor.runWorker(ThreadPoolExecutor.java:1149)
at java.util.concurrent.ThreadPoolExecutor$Worker.run(ThreadPoolExecutor.java:624)
at java.lang.Thread.run(Thread.java:748)
... Removed 12 stack frames]]>
    </failure>
  </testcase> <!-- launchApp -->
</testsuite> <!-- Command line test d7a88521-2ad8-48db-a869-2395276b7e57 -->
