<?xml version="1.0" encoding="UTF-8"?>
<!-- Generated by org.testng.reporters.JUnitXMLReporter -->
<testsuite hostname="Codys-Mac.local" ignored="0" name="Command line test 42193101-b5d9-4850-a93c-363499fe240c" tests="2" failures="1" timestamp="02 Apr 2018 07:09:07 GMT" time="877.221" errors="0">
  <testcase name="prankcaller" time="399.377" classname="test.tests.launchApp.Tests"/>
  <testcase name="launchApp" time="311.877" classname="test.tests.launchApp.Tests">
    <failure type="java.lang.AssertionError" message="null">
      <![CDATA[java.lang.AssertionError: null
at test.tests.launchApp.Tests.launchApp(Tests.java:434)
at java.util.concurrent.ThreadPoolExecutor.runWorker(ThreadPoolExecutor.java:1149)
at java.util.concurrent.ThreadPoolExecutor$Worker.run(ThreadPoolExecutor.java:624)
at java.lang.Thread.run(Thread.java:748)
... Removed 12 stack frames]]>
    </failure>
  </testcase> <!-- launchApp -->
</testsuite> <!-- Command line test 42193101-b5d9-4850-a93c-363499fe240c -->
