<?xml version="1.0" encoding="UTF-8"?>
<!-- Generated by org.testng.reporters.JUnitXMLReporter -->
<testsuite hostname="Codys-Mac.local" ignored="0" name="Command line test 9c575a92-5fd4-405b-82ab-409957533917" tests="2" failures="1" timestamp="31 Mar 2018 05:38:41 GMT" time="850.758" errors="0">
  <testcase name="prankcaller" time="375.438" classname="test.tests.launchApp.Tests"/>
  <testcase name="launchApp" time="309.204" classname="test.tests.launchApp.Tests">
    <failure type="java.lang.AssertionError" message="null">
      <![CDATA[java.lang.AssertionError: null
at test.tests.launchApp.Tests.launchApp(Tests.java:434)
at java.util.concurrent.ThreadPoolExecutor.runWorker(ThreadPoolExecutor.java:1149)
at java.util.concurrent.ThreadPoolExecutor$Worker.run(ThreadPoolExecutor.java:624)
at java.lang.Thread.run(Thread.java:748)
... Removed 12 stack frames]]>
    </failure>
  </testcase> <!-- launchApp -->
</testsuite> <!-- Command line test 9c575a92-5fd4-405b-82ab-409957533917 -->
