<?xml version="1.0" encoding="UTF-8"?>
<!-- Generated by org.testng.reporters.JUnitXMLReporter -->
<testsuite hostname="Codys-Mac.local" ignored="0" name="Command line test d33a3fa8-e4db-4db5-95a0-a1437302f470" tests="2" failures="1" timestamp="28 Mar 2018 13:08:15 GMT" time="824.069" errors="0">
  <testcase name="prankcaller" time="375.674" classname="test.tests.launchApp.Tests"/>
  <testcase name="launchApp" time="273.408" classname="test.tests.launchApp.Tests">
    <failure type="java.lang.AssertionError" message="null">
      <![CDATA[java.lang.AssertionError: null
at test.tests.launchApp.Tests.launchApp(Tests.java:434)
at java.util.concurrent.ThreadPoolExecutor.runWorker(ThreadPoolExecutor.java:1149)
at java.util.concurrent.ThreadPoolExecutor$Worker.run(ThreadPoolExecutor.java:624)
at java.lang.Thread.run(Thread.java:748)
... Removed 12 stack frames]]>
    </failure>
  </testcase> <!-- launchApp -->
</testsuite> <!-- Command line test d33a3fa8-e4db-4db5-95a0-a1437302f470 -->
