<?xml version="1.0" encoding="UTF-8"?>
<!-- Generated by org.testng.reporters.JUnitXMLReporter -->
<testsuite hostname="Codys-Mac.local" ignored="0" name="Command line test cd10ea62-5caf-443d-9cf2-fd13b3a79137" tests="2" failures="1" timestamp="04 Apr 2018 12:38:25 GMT" time="838.468" errors="0">
  <testcase name="prankcaller" time="373.0" classname="test.tests.launchApp.Tests"/>
  <testcase name="launchApp" time="284.785" classname="test.tests.launchApp.Tests">
    <failure type="java.lang.AssertionError" message="null">
      <![CDATA[java.lang.AssertionError: null
at test.tests.launchApp.Tests.launchApp(Tests.java:434)
at java.util.concurrent.ThreadPoolExecutor.runWorker(ThreadPoolExecutor.java:1149)
at java.util.concurrent.ThreadPoolExecutor$Worker.run(ThreadPoolExecutor.java:624)
at java.lang.Thread.run(Thread.java:748)
... Removed 12 stack frames]]>
    </failure>
  </testcase> <!-- launchApp -->
</testsuite> <!-- Command line test cd10ea62-5caf-443d-9cf2-fd13b3a79137 -->
