<?xml version="1.0" encoding="UTF-8"?>
<!-- Generated by org.testng.reporters.JUnitXMLReporter -->
<testsuite hostname="Codys-Mac.local" ignored="0" name="Command line test 0848bcb6-9794-4af9-88a1-3c8a63cedafe" tests="2" failures="1" timestamp="28 Mar 2018 15:08:34 GMT" time="842.582" errors="0">
  <testcase name="prankcaller" time="389.308" classname="test.tests.launchApp.Tests"/>
  <testcase name="launchApp" time="289.682" classname="test.tests.launchApp.Tests">
    <failure type="java.lang.AssertionError" message="null">
      <![CDATA[java.lang.AssertionError: null
at test.tests.launchApp.Tests.launchApp(Tests.java:434)
at java.util.concurrent.ThreadPoolExecutor.runWorker(ThreadPoolExecutor.java:1149)
at java.util.concurrent.ThreadPoolExecutor$Worker.run(ThreadPoolExecutor.java:624)
at java.lang.Thread.run(Thread.java:748)
... Removed 12 stack frames]]>
    </failure>
  </testcase> <!-- launchApp -->
</testsuite> <!-- Command line test 0848bcb6-9794-4af9-88a1-3c8a63cedafe -->
