<?xml version="1.0" encoding="UTF-8"?>
<!-- Generated by org.testng.reporters.JUnitXMLReporter -->
<testsuite hostname="Codys-Mac.local" ignored="0" name="Command line test f2a47435-c150-4e18-93c6-c86d421678c5" tests="2" failures="1" timestamp="11 Apr 2018 07:08:34 GMT" time="859.246" errors="0">
  <testcase name="prankcaller" time="382.815" classname="test.tests.launchApp.Tests"/>
  <testcase name="launchApp" time="307.297" classname="test.tests.launchApp.Tests">
    <failure type="java.lang.AssertionError" message="null">
      <![CDATA[java.lang.AssertionError: null
at test.tests.launchApp.Tests.launchApp(Tests.java:434)
at java.util.concurrent.ThreadPoolExecutor.runWorker(ThreadPoolExecutor.java:1149)
at java.util.concurrent.ThreadPoolExecutor$Worker.run(ThreadPoolExecutor.java:624)
at java.lang.Thread.run(Thread.java:748)
... Removed 12 stack frames]]>
    </failure>
  </testcase> <!-- launchApp -->
</testsuite> <!-- Command line test f2a47435-c150-4e18-93c6-c86d421678c5 -->
