<?xml version="1.0" encoding="UTF-8"?>
<!-- Generated by org.testng.reporters.JUnitXMLReporter -->
<testsuite hostname="Codys-Mac.local" ignored="0" name="Command line test e2a3b767-6119-4810-b59f-988237ef73bd" tests="2" failures="1" timestamp="03 Apr 2018 06:06:54 GMT" time="747.417" errors="0">
  <testcase name="prankcaller" time="353.758" classname="test.tests.launchApp.Tests"/>
  <testcase name="launchApp" time="224.52" classname="test.tests.launchApp.Tests">
    <failure type="java.lang.AssertionError" message="null">
      <![CDATA[java.lang.AssertionError: null
at test.tests.launchApp.Tests.launchApp(Tests.java:434)
at java.util.concurrent.ThreadPoolExecutor.runWorker(ThreadPoolExecutor.java:1149)
at java.util.concurrent.ThreadPoolExecutor$Worker.run(ThreadPoolExecutor.java:624)
at java.lang.Thread.run(Thread.java:748)
... Removed 12 stack frames]]>
    </failure>
  </testcase> <!-- launchApp -->
</testsuite> <!-- Command line test e2a3b767-6119-4810-b59f-988237ef73bd -->
