<?xml version="1.0" encoding="UTF-8"?>
<!-- Generated by org.testng.reporters.JUnitXMLReporter -->
<testsuite hostname="Codys-Mac.local" ignored="0" name="Command line test 71e79348-8c97-4aec-a497-6a08e53d7ffe" tests="2" failures="1" timestamp="29 Mar 2018 04:39:59 GMT" time="923.697" errors="0">
  <testcase name="prankcaller" time="396.899" classname="test.tests.launchApp.Tests"/>
  <testcase name="launchApp" time="342.594" classname="test.tests.launchApp.Tests">
    <failure type="java.lang.AssertionError" message="null">
      <![CDATA[java.lang.AssertionError: null
at test.tests.launchApp.Tests.launchApp(Tests.java:434)
at java.util.concurrent.ThreadPoolExecutor.runWorker(ThreadPoolExecutor.java:1149)
at java.util.concurrent.ThreadPoolExecutor$Worker.run(ThreadPoolExecutor.java:624)
at java.lang.Thread.run(Thread.java:748)
... Removed 12 stack frames]]>
    </failure>
  </testcase> <!-- launchApp -->
</testsuite> <!-- Command line test 71e79348-8c97-4aec-a497-6a08e53d7ffe -->
