<?xml version="1.0" encoding="UTF-8"?>
<!-- Generated by org.testng.reporters.JUnitXMLReporter -->
<testsuite hostname="Codys-Mac.local" ignored="0" name="Command line test 6e288d34-45d3-4316-af16-c5e63b2ad07e" tests="2" failures="1" timestamp="28 Mar 2018 08:07:59 GMT" time="868.043" errors="0">
  <testcase name="prankcaller" time="375.34" classname="test.tests.launchApp.Tests"/>
  <testcase name="launchApp" time="327.329" classname="test.tests.launchApp.Tests">
    <failure type="java.lang.AssertionError" message="null">
      <![CDATA[java.lang.AssertionError: null
at test.tests.launchApp.Tests.launchApp(Tests.java:434)
at java.util.concurrent.ThreadPoolExecutor.runWorker(ThreadPoolExecutor.java:1149)
at java.util.concurrent.ThreadPoolExecutor$Worker.run(ThreadPoolExecutor.java:624)
at java.lang.Thread.run(Thread.java:748)
... Removed 12 stack frames]]>
    </failure>
  </testcase> <!-- launchApp -->
</testsuite> <!-- Command line test 6e288d34-45d3-4316-af16-c5e63b2ad07e -->
