<?xml version="1.0" encoding="UTF-8"?>
<!-- Generated by org.testng.reporters.JUnitXMLReporter -->
<testsuite hostname="Codys-Mac.local" ignored="0" name="Command line test a21d62a9-928f-4d49-a886-199465989415" tests="2" failures="1" timestamp="03 Apr 2018 15:39:28 GMT" time="900.615" errors="0">
  <testcase name="prankcaller" time="404.115" classname="test.tests.launchApp.Tests"/>
  <testcase name="launchApp" time="318.324" classname="test.tests.launchApp.Tests">
    <failure type="java.lang.AssertionError" message="null">
      <![CDATA[java.lang.AssertionError: null
at test.tests.launchApp.Tests.launchApp(Tests.java:434)
at java.util.concurrent.ThreadPoolExecutor.runWorker(ThreadPoolExecutor.java:1149)
at java.util.concurrent.ThreadPoolExecutor$Worker.run(ThreadPoolExecutor.java:624)
at java.lang.Thread.run(Thread.java:748)
... Removed 12 stack frames]]>
    </failure>
  </testcase> <!-- launchApp -->
</testsuite> <!-- Command line test a21d62a9-928f-4d49-a886-199465989415 -->
