<?xml version="1.0" encoding="UTF-8"?>
<!-- Generated by org.testng.reporters.JUnitXMLReporter -->
<testsuite hostname="Codys-Mac.local" ignored="0" name="Command line test 1e146064-2a17-4ad0-82a6-ec7b4c084ec4" tests="2" failures="1" timestamp="29 Mar 2018 17:38:23 GMT" time="832.63" errors="0">
  <testcase name="prankcaller" time="369.311" classname="test.tests.launchApp.Tests"/>
  <testcase name="launchApp" time="297.128" classname="test.tests.launchApp.Tests">
    <failure type="java.lang.AssertionError" message="null">
      <![CDATA[java.lang.AssertionError: null
at test.tests.launchApp.Tests.launchApp(Tests.java:434)
at java.util.concurrent.ThreadPoolExecutor.runWorker(ThreadPoolExecutor.java:1149)
at java.util.concurrent.ThreadPoolExecutor$Worker.run(ThreadPoolExecutor.java:624)
at java.lang.Thread.run(Thread.java:748)
... Removed 12 stack frames]]>
    </failure>
  </testcase> <!-- launchApp -->
</testsuite> <!-- Command line test 1e146064-2a17-4ad0-82a6-ec7b4c084ec4 -->
