<?xml version="1.0" encoding="UTF-8"?>
<!-- Generated by org.testng.reporters.JUnitXMLReporter -->
<testsuite hostname="Codys-Mac.local" ignored="0" name="Command line test bca54bcd-9f55-412d-a201-bffacabc678b" tests="2" failures="1" timestamp="29 Mar 2018 01:38:39 GMT" time="847.884" errors="0">
  <testcase name="prankcaller" time="397.252" classname="test.tests.launchApp.Tests"/>
  <testcase name="launchApp" time="283.473" classname="test.tests.launchApp.Tests">
    <failure type="java.lang.AssertionError" message="null">
      <![CDATA[java.lang.AssertionError: null
at test.tests.launchApp.Tests.launchApp(Tests.java:434)
at java.util.concurrent.ThreadPoolExecutor.runWorker(ThreadPoolExecutor.java:1149)
at java.util.concurrent.ThreadPoolExecutor$Worker.run(ThreadPoolExecutor.java:624)
at java.lang.Thread.run(Thread.java:748)
... Removed 12 stack frames]]>
    </failure>
  </testcase> <!-- launchApp -->
</testsuite> <!-- Command line test bca54bcd-9f55-412d-a201-bffacabc678b -->
