<?xml version="1.0" encoding="UTF-8"?>
<!-- Generated by org.testng.reporters.JUnitXMLReporter -->
<testsuite hostname="Codys-Mac.local" ignored="0" name="Command line test dcc01615-121e-4adf-8f7f-2c12b9385217" tests="2" failures="1" timestamp="01 Apr 2018 11:38:55 GMT" time="867.822" errors="0">
  <testcase name="prankcaller" time="398.045" classname="test.tests.launchApp.Tests"/>
  <testcase name="launchApp" time="302.658" classname="test.tests.launchApp.Tests">
    <failure type="java.lang.AssertionError" message="null">
      <![CDATA[java.lang.AssertionError: null
at test.tests.launchApp.Tests.launchApp(Tests.java:434)
at java.util.concurrent.ThreadPoolExecutor.runWorker(ThreadPoolExecutor.java:1149)
at java.util.concurrent.ThreadPoolExecutor$Worker.run(ThreadPoolExecutor.java:624)
at java.lang.Thread.run(Thread.java:748)
... Removed 12 stack frames]]>
    </failure>
  </testcase> <!-- launchApp -->
</testsuite> <!-- Command line test dcc01615-121e-4adf-8f7f-2c12b9385217 -->
