<?xml version="1.0" encoding="UTF-8"?>
<!-- Generated by org.testng.reporters.JUnitXMLReporter -->
<testsuite hostname="Codys-Mac.local" ignored="0" name="Command line test 9da4b492-9462-4464-8b62-6b3b3385317e" tests="2" failures="1" timestamp="29 Mar 2018 05:39:16 GMT" time="879.368" errors="0">
  <testcase name="prankcaller" time="400.415" classname="test.tests.launchApp.Tests"/>
  <testcase name="launchApp" time="308.553" classname="test.tests.launchApp.Tests">
    <failure type="java.lang.AssertionError" message="null">
      <![CDATA[java.lang.AssertionError: null
at test.tests.launchApp.Tests.launchApp(Tests.java:434)
at java.util.concurrent.ThreadPoolExecutor.runWorker(ThreadPoolExecutor.java:1149)
at java.util.concurrent.ThreadPoolExecutor$Worker.run(ThreadPoolExecutor.java:624)
at java.lang.Thread.run(Thread.java:748)
... Removed 12 stack frames]]>
    </failure>
  </testcase> <!-- launchApp -->
</testsuite> <!-- Command line test 9da4b492-9462-4464-8b62-6b3b3385317e -->
