<?xml version="1.0" encoding="UTF-8"?>
<!-- Generated by org.testng.reporters.JUnitXMLReporter -->
<testsuite hostname="Codys-Mac.local" ignored="0" name="Command line test 65c6bef1-07de-40a9-80e1-d059ebff5fd3" tests="2" failures="1" timestamp="04 Apr 2018 08:08:34 GMT" time="846.78" errors="0">
  <testcase name="prankcaller" time="374.177" classname="test.tests.launchApp.Tests"/>
  <testcase name="launchApp" time="288.783" classname="test.tests.launchApp.Tests">
    <failure type="java.lang.AssertionError" message="null">
      <![CDATA[java.lang.AssertionError: null
at test.tests.launchApp.Tests.launchApp(Tests.java:434)
at java.util.concurrent.ThreadPoolExecutor.runWorker(ThreadPoolExecutor.java:1149)
at java.util.concurrent.ThreadPoolExecutor$Worker.run(ThreadPoolExecutor.java:624)
at java.lang.Thread.run(Thread.java:748)
... Removed 12 stack frames]]>
    </failure>
  </testcase> <!-- launchApp -->
</testsuite> <!-- Command line test 65c6bef1-07de-40a9-80e1-d059ebff5fd3 -->
