<?xml version="1.0" encoding="UTF-8"?>
<!-- Generated by org.testng.reporters.JUnitXMLReporter -->
<testsuite hostname="Codys-Mac.local" ignored="0" name="Command line test 1921d8b7-6131-447a-8f44-b9d3da13d46e" tests="2" failures="1" timestamp="28 Mar 2018 17:38:19 GMT" time="828.468" errors="0">
  <testcase name="prankcaller" time="371.139" classname="test.tests.launchApp.Tests"/>
  <testcase name="launchApp" time="280.728" classname="test.tests.launchApp.Tests">
    <failure type="java.lang.AssertionError" message="null">
      <![CDATA[java.lang.AssertionError: null
at test.tests.launchApp.Tests.launchApp(Tests.java:434)
at java.util.concurrent.ThreadPoolExecutor.runWorker(ThreadPoolExecutor.java:1149)
at java.util.concurrent.ThreadPoolExecutor$Worker.run(ThreadPoolExecutor.java:624)
at java.lang.Thread.run(Thread.java:748)
... Removed 12 stack frames]]>
    </failure>
  </testcase> <!-- launchApp -->
</testsuite> <!-- Command line test 1921d8b7-6131-447a-8f44-b9d3da13d46e -->
