<?xml version="1.0" encoding="UTF-8"?>
<!-- Generated by org.testng.reporters.JUnitXMLReporter -->
<testsuite hostname="Codys-Mac.local" ignored="0" name="Command line test e399cefe-d96e-43dc-8111-50368d42b064" tests="2" failures="1" timestamp="30 Mar 2018 02:37:54 GMT" time="803.558" errors="0">
  <testcase name="prankcaller" time="358.978" classname="test.tests.launchApp.Tests"/>
  <testcase name="launchApp" time="285.387" classname="test.tests.launchApp.Tests">
    <failure type="java.lang.AssertionError" message="null">
      <![CDATA[java.lang.AssertionError: null
at test.tests.launchApp.Tests.launchApp(Tests.java:434)
at java.util.concurrent.ThreadPoolExecutor.runWorker(ThreadPoolExecutor.java:1149)
at java.util.concurrent.ThreadPoolExecutor$Worker.run(ThreadPoolExecutor.java:624)
at java.lang.Thread.run(Thread.java:748)
... Removed 12 stack frames]]>
    </failure>
  </testcase> <!-- launchApp -->
</testsuite> <!-- Command line test e399cefe-d96e-43dc-8111-50368d42b064 -->
