<?xml version="1.0" encoding="UTF-8"?>
<!-- Generated by org.testng.reporters.JUnitXMLReporter -->
<testsuite hostname="Codys-Mac.local" ignored="0" name="Command line test e3891cbd-6012-49cd-9eba-78df78f0dc59" tests="2" failures="1" timestamp="27 Mar 2018 05:45:25 GMT" time="1096.065" errors="0">
  <testcase name="prankcaller" time="449.912" classname="test.tests.launchApp.Tests"/>
  <testcase name="launchApp" time="277.5" classname="test.tests.launchApp.Tests">
    <failure type="java.lang.AssertionError" message="null">
      <![CDATA[java.lang.AssertionError: null
at test.tests.launchApp.Tests.launchApp(Tests.java:419)
at java.util.concurrent.ThreadPoolExecutor.runWorker(ThreadPoolExecutor.java:1149)
at java.util.concurrent.ThreadPoolExecutor$Worker.run(ThreadPoolExecutor.java:624)
at java.lang.Thread.run(Thread.java:748)
... Removed 12 stack frames]]>
    </failure>
  </testcase> <!-- launchApp -->
</testsuite> <!-- Command line test e3891cbd-6012-49cd-9eba-78df78f0dc59 -->
