<?xml version="1.0" encoding="UTF-8"?>
<!-- Generated by org.testng.reporters.JUnitXMLReporter -->
<testsuite hostname="Codys-Mac.local" ignored="0" name="Command line test dcdd5ba1-da92-4ced-a00f-fff669f79062" tests="2" failures="1" timestamp="29 Mar 2018 00:08:50 GMT" time="858.876" errors="0">
  <testcase name="prankcaller" time="383.083" classname="test.tests.launchApp.Tests"/>
  <testcase name="launchApp" time="307.365" classname="test.tests.launchApp.Tests">
    <failure type="java.lang.AssertionError" message="null">
      <![CDATA[java.lang.AssertionError: null
at test.tests.launchApp.Tests.launchApp(Tests.java:434)
at java.util.concurrent.ThreadPoolExecutor.runWorker(ThreadPoolExecutor.java:1149)
at java.util.concurrent.ThreadPoolExecutor$Worker.run(ThreadPoolExecutor.java:624)
at java.lang.Thread.run(Thread.java:748)
... Removed 12 stack frames]]>
    </failure>
  </testcase> <!-- launchApp -->
</testsuite> <!-- Command line test dcdd5ba1-da92-4ced-a00f-fff669f79062 -->
