<html>
<head>
<title>TestNG:  Command line test 976da1e0-a2ca-4951-86f7-6260f7734efc</title>
<link href="../testng.css" rel="stylesheet" type="text/css" />
<link href="../my-testng.css" rel="stylesheet" type="text/css" />

<style type="text/css">
.log { display: none;} 
.stack-trace { display: none;} 
</style>
<script type="text/javascript">
<!--
function flip(e) {
  current = e.style.display;
  if (current == 'block') {
    e.style.display = 'none';
    return 0;
  }
  else {
    e.style.display = 'block';
    return 1;
  }
}

function toggleBox(szDivId, elem, msg1, msg2)
{
  var res = -1;  if (document.getElementById) {
    res = flip(document.getElementById(szDivId));
  }
  else if (document.all) {
    // this is the way old msie versions work
    res = flip(document.all[szDivId]);
  }
  if(elem) {
    if(res == 0) elem.innerHTML = msg1; else elem.innerHTML = msg2;
  }

}

function toggleAllBoxes() {
  if (document.getElementsByTagName) {
    d = document.getElementsByTagName('div');
    for (i = 0; i < d.length; i++) {
      if (d[i].className == 'log') {
        flip(d[i]);
      }
    }
  }
}

// -->
</script>

</head>
<body>
<h2 align='center'>Command line test 976da1e0-a2ca-4951-86f7-6260f7734efc</h2><table border='1' align="center">
<tr>
<td>Tests passed/Failed/Skipped:</td><td>0/2/0</td>
</tr><tr>
<td>Started on:</td><td>Tue Mar 27 21:28:37 PDT 2018</td>
</tr>
<tr><td>Total time:</td><td>752 seconds (752612 ms)</td>
</tr><tr>
<td>Included groups:</td><td></td>
</tr><tr>
<td>Excluded groups:</td><td></td>
</tr>
</table><p/>
<small><i>(Hover the method name to see the test class name)</i></small><p/>
<table width='100%' border='1' class='invocation-failed'>
<tr><td colspan='4' align='center'><b>FAILED TESTS</b></td></tr>
<tr><td><b>Test method</b></td>
<td width="30%"><b>Exception</b></td>
<td width="10%"><b>Time (seconds)</b></td>
<td><b>Instance</b></td>
</tr>
<tr>
<td title='test.tests.launchApp.Tests.launchApp()'><b>launchApp</b><br>Test class: test.tests.launchApp.Tests<br/>
<a href="#Output-1977634163" onClick='toggleBox("Output-1977634163", this, "Show output", "Hide output");'>Show output</a>

<a href="#Output-1977634163" onClick="toggleAllBoxes();">Show all outputs</a>
<div class='log' id="Output-1977634163">
Click on accessYourContact<br/>
Click on appPermitionButton<br/>
Click on phoneNumber<br/>
Clear value from phoneNumber text fields<br/>
Click on destNumberBlankOkButton<br/>
Enter Text 15033267667 into phoneNumber text fields<br/>
Enter Text 5035451234 into callerID text fields<br/>
Click on callNow<br/>
Click on callNow<br/>
Text of 15033267667 is 15033267667<br/>
Click on endCallButton<br/>
Text of NUMBER TO CALL is NUMBER TO CALL<br/>
Text of 577 is 577<br/>
Click on menuButton<br/>
Click on callHistoryMenuButton<br/>
Text of (503) 326-7667 is (503) 326-7667<br/>
</div>
</td>
<td><div><pre>java.lang.AssertionError: null
	at test.tests.launchApp.Tests.launchApp(Tests.java:429)
	at java.util.concurrent.ThreadPoolExecutor.runWorker(ThreadPoolExecutor.java:1149)
	at java.util.concurrent.ThreadPoolExecutor$Worker.run(ThreadPoolExecutor.java:624)
	at java.lang.Thread.run(Thread.java:748)
... Removed 12 stack frames</pre></div><a href='#' onClick='toggleBox("stack-trace1977634163", this, "Click to show all stack frames", "Click to hide stack frames")'>Click to show all stack frames</a>
<div class='stack-trace' id='stack-trace1977634163'><pre>java.lang.AssertionError: null
	at org.testng.Assert.fail(Assert.java:96)
	at org.testng.Assert.fail(Assert.java:103)
	at test.tests.launchApp.Tests.launchApp(Tests.java:429)
	at sun.reflect.NativeMethodAccessorImpl.invoke0(Native Method)
	at sun.reflect.NativeMethodAccessorImpl.invoke(NativeMethodAccessorImpl.java:62)
	at sun.reflect.DelegatingMethodAccessorImpl.invoke(DelegatingMethodAccessorImpl.java:43)
	at java.lang.reflect.Method.invoke(Method.java:498)
	at org.testng.internal.MethodInvocationHelper.invokeMethod(MethodInvocationHelper.java:124)
	at org.testng.internal.Invoker.invokeMethod(Invoker.java:580)
	at org.testng.internal.Invoker.invokeTestMethod(Invoker.java:716)
	at org.testng.internal.Invoker.invokeTestMethods(Invoker.java:988)
	at org.testng.internal.TestMethodWorker.invokeTestMethods(TestMethodWorker.java:125)
	at org.testng.internal.TestMethodWorker.run(TestMethodWorker.java:109)
	at java.util.concurrent.ThreadPoolExecutor.runWorker(ThreadPoolExecutor.java:1149)
	at java.util.concurrent.ThreadPoolExecutor$Worker.run(ThreadPoolExecutor.java:624)
	at java.lang.Thread.run(Thread.java:748)
</pre></div></td>
<td>303</td>
<td>test.tests.launchApp.Tests@33c399b6</td></tr>
<tr>
<td title='test.tests.launchApp.Tests.prankcaller()'><b>prankcaller</b><br>Test class: test.tests.launchApp.Tests<br/>
<a href="#Output-399720577" onClick='toggleBox("Output-399720577", this, "Show output", "Hide output");'>Show output</a>

<a href="#Output-399720577" onClick="toggleAllBoxes();">Show all outputs</a>
<div class='log' id="Output-399720577">
Click on accessYourContact<br/>
Click on appPermitionButton<br/>
Click on getStartedButton<br/>
Click on endCallButton<br/>
Click on menuButton<br/>
Click on historyMenuButton<br/>
Text of (503) 326-7667 is (503) 326-7667<br/>
</div>
</td>
<td><div><pre>java.lang.AssertionError: null
	at test.tests.launchApp.Tests.prankcaller(Tests.java:232)
	at java.util.concurrent.ThreadPoolExecutor.runWorker(ThreadPoolExecutor.java:1149)
	at java.util.concurrent.ThreadPoolExecutor$Worker.run(ThreadPoolExecutor.java:624)
	at java.lang.Thread.run(Thread.java:748)
... Removed 12 stack frames</pre></div><a href='#' onClick='toggleBox("stack-trace399720577", this, "Click to show all stack frames", "Click to hide stack frames")'>Click to show all stack frames</a>
<div class='stack-trace' id='stack-trace399720577'><pre>java.lang.AssertionError: null
	at org.testng.Assert.fail(Assert.java:96)
	at org.testng.Assert.fail(Assert.java:103)
	at test.tests.launchApp.Tests.prankcaller(Tests.java:232)
	at sun.reflect.NativeMethodAccessorImpl.invoke0(Native Method)
	at sun.reflect.NativeMethodAccessorImpl.invoke(NativeMethodAccessorImpl.java:62)
	at sun.reflect.DelegatingMethodAccessorImpl.invoke(DelegatingMethodAccessorImpl.java:43)
	at java.lang.reflect.Method.invoke(Method.java:498)
	at org.testng.internal.MethodInvocationHelper.invokeMethod(MethodInvocationHelper.java:124)
	at org.testng.internal.Invoker.invokeMethod(Invoker.java:580)
	at org.testng.internal.Invoker.invokeTestMethod(Invoker.java:716)
	at org.testng.internal.Invoker.invokeTestMethods(Invoker.java:988)
	at org.testng.internal.TestMethodWorker.invokeTestMethods(TestMethodWorker.java:125)
	at org.testng.internal.TestMethodWorker.run(TestMethodWorker.java:109)
	at java.util.concurrent.ThreadPoolExecutor.runWorker(ThreadPoolExecutor.java:1149)
	at java.util.concurrent.ThreadPoolExecutor$Worker.run(ThreadPoolExecutor.java:624)
	at java.lang.Thread.run(Thread.java:748)
</pre></div></td>
<td>286</td>
<td>test.tests.launchApp.Tests@33c399b6</td></tr>
</table><p>
</body>
</html>