<?xml version="1.0" encoding="UTF-8"?>
<!-- Generated by org.testng.reporters.JUnitXMLReporter -->
<testsuite hostname="Codys-Mac.local" ignored="0" name="Command line test 95fecff7-904d-45d8-b2f4-932d577ba10a" tests="2" failures="1" timestamp="28 Mar 2018 23:38:11 GMT" time="819.748" errors="0">
  <testcase name="prankcaller" time="364.844" classname="test.tests.launchApp.Tests"/>
  <testcase name="launchApp" time="274.841" classname="test.tests.launchApp.Tests">
    <failure type="java.lang.AssertionError" message="null">
      <![CDATA[java.lang.AssertionError: null
at test.tests.launchApp.Tests.launchApp(Tests.java:434)
at java.util.concurrent.ThreadPoolExecutor.runWorker(ThreadPoolExecutor.java:1149)
at java.util.concurrent.ThreadPoolExecutor$Worker.run(ThreadPoolExecutor.java:624)
at java.lang.Thread.run(Thread.java:748)
... Removed 12 stack frames]]>
    </failure>
  </testcase> <!-- launchApp -->
</testsuite> <!-- Command line test 95fecff7-904d-45d8-b2f4-932d577ba10a -->
