<?xml version="1.0" encoding="UTF-8"?>
<!-- Generated by org.testng.reporters.JUnitXMLReporter -->
<testsuite hostname="Codys-Mac.local" ignored="0" name="Command line test 662e0944-8ae5-47df-af4a-0243c371eed1" tests="2" failures="1" timestamp="31 Mar 2018 07:08:09 GMT" time="820.233" errors="0">
  <testcase name="prankcaller" time="370.234" classname="test.tests.launchApp.Tests"/>
  <testcase name="launchApp" time="285.948" classname="test.tests.launchApp.Tests">
    <failure type="java.lang.AssertionError" message="null">
      <![CDATA[java.lang.AssertionError: null
at test.tests.launchApp.Tests.launchApp(Tests.java:434)
at java.util.concurrent.ThreadPoolExecutor.runWorker(ThreadPoolExecutor.java:1149)
at java.util.concurrent.ThreadPoolExecutor$Worker.run(ThreadPoolExecutor.java:624)
at java.lang.Thread.run(Thread.java:748)
... Removed 12 stack frames]]>
    </failure>
  </testcase> <!-- launchApp -->
</testsuite> <!-- Command line test 662e0944-8ae5-47df-af4a-0243c371eed1 -->
