<?xml version="1.0" encoding="UTF-8"?>
<!-- Generated by org.testng.reporters.JUnitXMLReporter -->
<testsuite hostname="Codys-Mac.local" ignored="0" name="Command line test 2f6f60ac-605e-4ba5-abcb-702869494897" tests="2" failures="1" timestamp="02 Apr 2018 13:08:14 GMT" time="827.291" errors="0">
  <testcase name="prankcaller" time="368.087" classname="test.tests.launchApp.Tests"/>
  <testcase name="launchApp" time="300.33" classname="test.tests.launchApp.Tests">
    <failure type="java.lang.AssertionError" message="null">
      <![CDATA[java.lang.AssertionError: null
at test.tests.launchApp.Tests.launchApp(Tests.java:434)
at java.util.concurrent.ThreadPoolExecutor.runWorker(ThreadPoolExecutor.java:1149)
at java.util.concurrent.ThreadPoolExecutor$Worker.run(ThreadPoolExecutor.java:624)
at java.lang.Thread.run(Thread.java:748)
... Removed 12 stack frames]]>
    </failure>
  </testcase> <!-- launchApp -->
</testsuite> <!-- Command line test 2f6f60ac-605e-4ba5-abcb-702869494897 -->
