<?xml version="1.0" encoding="UTF-8"?>
<!-- Generated by org.testng.reporters.JUnitXMLReporter -->
<testsuite hostname="Codys-Mac.local" ignored="0" name="Command line test 6c910c0c-923a-43f8-876f-920a511c1335" tests="2" failures="1" timestamp="04 Apr 2018 15:08:27 GMT" time="841.476" errors="0">
  <testcase name="prankcaller" time="375.974" classname="test.tests.launchApp.Tests"/>
  <testcase name="launchApp" time="282.74" classname="test.tests.launchApp.Tests">
    <failure type="java.lang.AssertionError" message="null">
      <![CDATA[java.lang.AssertionError: null
at test.tests.launchApp.Tests.launchApp(Tests.java:434)
at java.util.concurrent.ThreadPoolExecutor.runWorker(ThreadPoolExecutor.java:1149)
at java.util.concurrent.ThreadPoolExecutor$Worker.run(ThreadPoolExecutor.java:624)
at java.lang.Thread.run(Thread.java:748)
... Removed 12 stack frames]]>
    </failure>
  </testcase> <!-- launchApp -->
</testsuite> <!-- Command line test 6c910c0c-923a-43f8-876f-920a511c1335 -->
