<?xml version="1.0" encoding="UTF-8"?>
<!-- Generated by org.testng.reporters.JUnitXMLReporter -->
<testsuite hostname="Codys-Mac.local" ignored="0" name="Command line test 2bfe6a22-3d11-4224-b59a-42d8875de915" tests="2" failures="1" timestamp="28 Mar 2018 22:08:31 GMT" time="839.818" errors="0">
  <testcase name="prankcaller" time="377.814" classname="test.tests.launchApp.Tests"/>
  <testcase name="launchApp" time="281.53" classname="test.tests.launchApp.Tests">
    <failure type="java.lang.AssertionError" message="null">
      <![CDATA[java.lang.AssertionError: null
at test.tests.launchApp.Tests.launchApp(Tests.java:434)
at java.util.concurrent.ThreadPoolExecutor.runWorker(ThreadPoolExecutor.java:1149)
at java.util.concurrent.ThreadPoolExecutor$Worker.run(ThreadPoolExecutor.java:624)
at java.lang.Thread.run(Thread.java:748)
... Removed 12 stack frames]]>
    </failure>
  </testcase> <!-- launchApp -->
</testsuite> <!-- Command line test 2bfe6a22-3d11-4224-b59a-42d8875de915 -->
