<?xml version="1.0" encoding="UTF-8"?>
<!-- Generated by org.testng.reporters.JUnitXMLReporter -->
<testsuite hostname="Codys-Mac.local" ignored="0" name="Command line test 23bcd129-4037-4f8f-bb9e-3b2c47c66528" tests="2" failures="1" timestamp="04 Apr 2018 11:08:50 GMT" time="864.188" errors="0">
  <testcase name="prankcaller" time="393.335" classname="test.tests.launchApp.Tests"/>
  <testcase name="launchApp" time="292.236" classname="test.tests.launchApp.Tests">
    <failure type="java.lang.AssertionError" message="null">
      <![CDATA[java.lang.AssertionError: null
at test.tests.launchApp.Tests.launchApp(Tests.java:434)
at java.util.concurrent.ThreadPoolExecutor.runWorker(ThreadPoolExecutor.java:1149)
at java.util.concurrent.ThreadPoolExecutor$Worker.run(ThreadPoolExecutor.java:624)
at java.lang.Thread.run(Thread.java:748)
... Removed 12 stack frames]]>
    </failure>
  </testcase> <!-- launchApp -->
</testsuite> <!-- Command line test 23bcd129-4037-4f8f-bb9e-3b2c47c66528 -->
