<?xml version="1.0" encoding="UTF-8"?>
<!-- Generated by org.testng.reporters.JUnitXMLReporter -->
<testsuite hostname="Codys-Mac.local" ignored="0" name="Command line test 0cfe273d-f703-457f-937d-8463cfb4f34d" tests="2" failures="1" timestamp="31 Mar 2018 14:08:17 GMT" time="827.443" errors="0">
  <testcase name="prankcaller" time="363.438" classname="test.tests.launchApp.Tests"/>
  <testcase name="launchApp" time="305.699" classname="test.tests.launchApp.Tests">
    <failure type="java.lang.AssertionError" message="null">
      <![CDATA[java.lang.AssertionError: null
at test.tests.launchApp.Tests.launchApp(Tests.java:434)
at java.util.concurrent.ThreadPoolExecutor.runWorker(ThreadPoolExecutor.java:1149)
at java.util.concurrent.ThreadPoolExecutor$Worker.run(ThreadPoolExecutor.java:624)
at java.lang.Thread.run(Thread.java:748)
... Removed 12 stack frames]]>
    </failure>
  </testcase> <!-- launchApp -->
</testsuite> <!-- Command line test 0cfe273d-f703-457f-937d-8463cfb4f34d -->
