<?xml version="1.0" encoding="UTF-8"?>
<!-- Generated by org.testng.reporters.JUnitXMLReporter -->
<testsuite hostname="Codys-Mac.local" ignored="0" name="Command line test 62351a2f-53a3-4e57-b019-09807bd3c474" tests="2" failures="1" timestamp="11 Apr 2018 06:46:13 GMT" time="826.329" errors="0">
  <testcase name="prankcaller" time="357.745" classname="test.tests.launchApp.Tests"/>
  <testcase name="launchApp" time="307.792" classname="test.tests.launchApp.Tests">
    <failure type="java.lang.AssertionError" message="null">
      <![CDATA[java.lang.AssertionError: null
at test.tests.launchApp.Tests.launchApp(Tests.java:434)
at java.util.concurrent.ThreadPoolExecutor.runWorker(ThreadPoolExecutor.java:1149)
at java.util.concurrent.ThreadPoolExecutor$Worker.run(ThreadPoolExecutor.java:624)
at java.lang.Thread.run(Thread.java:748)
... Removed 12 stack frames]]>
    </failure>
  </testcase> <!-- launchApp -->
</testsuite> <!-- Command line test 62351a2f-53a3-4e57-b019-09807bd3c474 -->
