<?xml version="1.0" encoding="UTF-8"?>
<!-- Generated by org.testng.reporters.JUnitXMLReporter -->
<testsuite hostname="Codys-Mac.local" ignored="0" name="Command line test a12b6ec1-bb49-4666-ac74-2c78dcd48b2a" tests="2" failures="1" timestamp="04 Apr 2018 09:39:31 GMT" time="905.165" errors="0">
  <testcase name="prankcaller" time="402.817" classname="test.tests.launchApp.Tests"/>
  <testcase name="launchApp" time="324.332" classname="test.tests.launchApp.Tests">
    <failure type="java.lang.AssertionError" message="null">
      <![CDATA[java.lang.AssertionError: null
at test.tests.launchApp.Tests.launchApp(Tests.java:434)
at java.util.concurrent.ThreadPoolExecutor.runWorker(ThreadPoolExecutor.java:1149)
at java.util.concurrent.ThreadPoolExecutor$Worker.run(ThreadPoolExecutor.java:624)
at java.lang.Thread.run(Thread.java:748)
... Removed 12 stack frames]]>
    </failure>
  </testcase> <!-- launchApp -->
</testsuite> <!-- Command line test a12b6ec1-bb49-4666-ac74-2c78dcd48b2a -->
