<?xml version="1.0" encoding="UTF-8"?>
<!-- Generated by org.testng.reporters.JUnitXMLReporter -->
<testsuite hostname="Codys-Mac.local" ignored="0" name="Command line test dc9e1334-4b42-4f3d-bf44-87f7b81f76db" tests="2" failures="1" timestamp="02 Apr 2018 06:09:20 GMT" time="889.79" errors="0">
  <testcase name="prankcaller" time="398.618" classname="test.tests.launchApp.Tests"/>
  <testcase name="launchApp" time="318.465" classname="test.tests.launchApp.Tests">
    <failure type="java.lang.AssertionError" message="null">
      <![CDATA[java.lang.AssertionError: null
at test.tests.launchApp.Tests.launchApp(Tests.java:434)
at java.util.concurrent.ThreadPoolExecutor.runWorker(ThreadPoolExecutor.java:1149)
at java.util.concurrent.ThreadPoolExecutor$Worker.run(ThreadPoolExecutor.java:624)
at java.lang.Thread.run(Thread.java:748)
... Removed 12 stack frames]]>
    </failure>
  </testcase> <!-- launchApp -->
</testsuite> <!-- Command line test dc9e1334-4b42-4f3d-bf44-87f7b81f76db -->
