<?xml version="1.0" encoding="UTF-8"?>
<!-- Generated by org.testng.reporters.JUnitXMLReporter -->
<testsuite hostname="Codys-Mac.local" ignored="0" name="Command line test 0a1fc062-714d-4d79-b710-c9df980c824d" tests="2" failures="1" timestamp="03 Apr 2018 17:38:28 GMT" time="841.24" errors="0">
  <testcase name="prankcaller" time="374.081" classname="test.tests.launchApp.Tests"/>
  <testcase name="launchApp" time="293.93" classname="test.tests.launchApp.Tests">
    <failure type="java.lang.AssertionError" message="null">
      <![CDATA[java.lang.AssertionError: null
at test.tests.launchApp.Tests.launchApp(Tests.java:434)
at java.util.concurrent.ThreadPoolExecutor.runWorker(ThreadPoolExecutor.java:1149)
at java.util.concurrent.ThreadPoolExecutor$Worker.run(ThreadPoolExecutor.java:624)
at java.lang.Thread.run(Thread.java:748)
... Removed 12 stack frames]]>
    </failure>
  </testcase> <!-- launchApp -->
</testsuite> <!-- Command line test 0a1fc062-714d-4d79-b710-c9df980c824d -->
