<?xml version="1.0" encoding="UTF-8"?>
<!-- Generated by org.testng.reporters.JUnitXMLReporter -->
<testsuite hostname="Codys-Mac.local" ignored="0" name="Command line test 7082c2c5-073d-4ebd-87ad-d7bd6f55f942" tests="2" failures="1" timestamp="30 Mar 2018 21:38:01 GMT" time="811.466" errors="0">
  <testcase name="prankcaller" time="365.197" classname="test.tests.launchApp.Tests"/>
  <testcase name="launchApp" time="281.69" classname="test.tests.launchApp.Tests">
    <failure type="java.lang.AssertionError" message="null">
      <![CDATA[java.lang.AssertionError: null
at test.tests.launchApp.Tests.launchApp(Tests.java:434)
at java.util.concurrent.ThreadPoolExecutor.runWorker(ThreadPoolExecutor.java:1149)
at java.util.concurrent.ThreadPoolExecutor$Worker.run(ThreadPoolExecutor.java:624)
at java.lang.Thread.run(Thread.java:748)
... Removed 12 stack frames]]>
    </failure>
  </testcase> <!-- launchApp -->
</testsuite> <!-- Command line test 7082c2c5-073d-4ebd-87ad-d7bd6f55f942 -->
