<?xml version="1.0" encoding="UTF-8"?>
<!-- Generated by org.testng.reporters.JUnitXMLReporter -->
<testsuite hostname="Codys-Mac.local" ignored="0" name="Command line test 63908bda-4f33-470c-87e9-3f4db709b680" tests="2" failures="1" timestamp="31 Mar 2018 16:38:14 GMT" time="824.723" errors="0">
  <testcase name="prankcaller" time="367.949" classname="test.tests.launchApp.Tests"/>
  <testcase name="launchApp" time="294.779" classname="test.tests.launchApp.Tests">
    <failure type="java.lang.AssertionError" message="null">
      <![CDATA[java.lang.AssertionError: null
at test.tests.launchApp.Tests.launchApp(Tests.java:434)
at java.util.concurrent.ThreadPoolExecutor.runWorker(ThreadPoolExecutor.java:1149)
at java.util.concurrent.ThreadPoolExecutor$Worker.run(ThreadPoolExecutor.java:624)
at java.lang.Thread.run(Thread.java:748)
... Removed 12 stack frames]]>
    </failure>
  </testcase> <!-- launchApp -->
</testsuite> <!-- Command line test 63908bda-4f33-470c-87e9-3f4db709b680 -->
