<?xml version="1.0" encoding="UTF-8"?>
<!-- Generated by org.testng.reporters.JUnitXMLReporter -->
<testsuite hostname="Codys-Mac.local" ignored="0" name="Command line test 5dbed94b-7abd-4a85-8d69-f702d5047212" tests="2" failures="1" timestamp="01 Apr 2018 10:09:00 GMT" time="872.826" errors="0">
  <testcase name="prankcaller" time="381.996" classname="test.tests.launchApp.Tests"/>
  <testcase name="launchApp" time="323.757" classname="test.tests.launchApp.Tests">
    <failure type="java.lang.AssertionError" message="null">
      <![CDATA[java.lang.AssertionError: null
at test.tests.launchApp.Tests.launchApp(Tests.java:434)
at java.util.concurrent.ThreadPoolExecutor.runWorker(ThreadPoolExecutor.java:1149)
at java.util.concurrent.ThreadPoolExecutor$Worker.run(ThreadPoolExecutor.java:624)
at java.lang.Thread.run(Thread.java:748)
... Removed 12 stack frames]]>
    </failure>
  </testcase> <!-- launchApp -->
</testsuite> <!-- Command line test 5dbed94b-7abd-4a85-8d69-f702d5047212 -->
