<?xml version="1.0" encoding="UTF-8"?>
<!-- Generated by org.testng.reporters.JUnitXMLReporter -->
<testsuite hostname="Codys-Mac.local" ignored="0" name="Command line test 06bac9e4-5e62-4fb9-8d0d-87692b7078cd" tests="2" failures="1" timestamp="04 Apr 2018 17:38:20 GMT" time="834.569" errors="0">
  <testcase name="prankcaller" time="374.67" classname="test.tests.launchApp.Tests"/>
  <testcase name="launchApp" time="293.57" classname="test.tests.launchApp.Tests">
    <failure type="java.lang.AssertionError" message="null">
      <![CDATA[java.lang.AssertionError: null
at test.tests.launchApp.Tests.launchApp(Tests.java:434)
at java.util.concurrent.ThreadPoolExecutor.runWorker(ThreadPoolExecutor.java:1149)
at java.util.concurrent.ThreadPoolExecutor$Worker.run(ThreadPoolExecutor.java:624)
at java.lang.Thread.run(Thread.java:748)
... Removed 12 stack frames]]>
    </failure>
  </testcase> <!-- launchApp -->
</testsuite> <!-- Command line test 06bac9e4-5e62-4fb9-8d0d-87692b7078cd -->
