<?xml version="1.0" encoding="UTF-8"?>
<!-- Generated by org.testng.reporters.JUnitXMLReporter -->
<testsuite hostname="Codys-Mac.local" ignored="0" name="tests" tests="1" failures="0" timestamp="16 Mar 2018 04:04:02 GMT" time="0.898" errors="0">
  <testcase name="@BeforeMethod browserConfig" time="0.879" classname="test.config.SeleniumConfig.BrowserConfig">
    <failure type="org.openqa.selenium.SessionNotCreatedException" message="A new session could not be created. Details: The desiredCapabilities object was not valid for the following reason(s):  deviceName can&amp;apos;t be blank, (WARNING: The server did not provide any stacktrace information)
Command duration or timeout: 442 milliseconds
Build info: version: &amp;apos;2.53.1&amp;apos;, revision: &amp;apos;a36b8b1cd5757287168e54b817830adce9b0158d&amp;apos;, time: &amp;apos;2016-06-30 19:26:09&amp;apos;
System info: host: &amp;apos;Codys-Mac.local&amp;apos;, ip: &amp;apos;192.168.217.128&amp;apos;, os.name: &amp;apos;Mac OS X&amp;apos;, os.arch: &amp;apos;x86_64&amp;apos;, os.version: &amp;apos;10.13.3&amp;apos;, java.version: &amp;apos;1.8.0_161&amp;apos;
Driver info: io.appium.java_client.android.AndroidDriver">
      <![CDATA[org.openqa.selenium.SessionNotCreatedException: A new session could not be created. Details: The desiredCapabilities object was not valid for the following reason(s):  deviceName can't be blank, (WARNING: The server did not provide any stacktrace information)Command duration or timeout: 442 millisecondsBuild info: version: '2.53.1', revision: 'a36b8b1cd5757287168e54b817830adce9b0158d', time: '2016-06-30 19:26:09'System info: host: 'Codys-Mac.local', ip: '192.168.217.128', os.name: 'Mac OS X', os.arch: 'x86_64', os.version: '10.13.3', java.version: '1.8.0_161'Driver info: io.appium.java_client.android.AndroidDriverat org.openqa.selenium.remote.ErrorHandler.createThrowable(ErrorHandler.java:206)at org.openqa.selenium.remote.ErrorHandler.throwIfResponseFailed(ErrorHandler.java:158)at org.openqa.selenium.remote.RemoteWebDriver.execute(RemoteWebDriver.java:678)at io.appium.java_client.DefaultGenericMobileDriver.execute(DefaultGenericMobileDriver.java:40)at io.appium.java_client.AppiumDriver.execute(AppiumDriver.java:1)at io.appium.java_client.android.AndroidDriver.execute(AndroidDriver.java:1)at org.openqa.selenium.remote.RemoteWebDriver.startSession(RemoteWebDriver.java:249)at org.openqa.selenium.remote.RemoteWebDriver.<init>(RemoteWebDriver.java:131)at org.openqa.selenium.remote.RemoteWebDriver.<init>(RemoteWebDriver.java:144)at io.appium.java_client.DefaultGenericMobileDriver.<init>(DefaultGenericMobileDriver.java:36)at io.appium.java_client.AppiumDriver.<init>(AppiumDriver.java:114)at io.appium.java_client.AppiumDriver.<init>(AppiumDriver.java:132)at io.appium.java_client.android.AndroidDriver.<init>(AndroidDriver.java:92)at test.config.SeleniumConfig.BrowserConfig.browserConfig(BrowserConfig.java:74)at java.util.concurrent.ThreadPoolExecutor.runWorker(ThreadPoolExecutor.java:1149)at java.util.concurrent.ThreadPoolExecutor$Worker.run(ThreadPoolExecutor.java:624)at java.lang.Thread.run(Thread.java:748)... Removed 17 stack frames]]>
    </failure>
  </testcase> <!-- @BeforeMethod browserConfig -->
  <testcase name="@AfterMethod close" time="0.0" classname="test.config.SeleniumConfig.BrowserConfig">
    <skipped/>
  </testcase> <!-- @AfterMethod close -->
  <testcase name="TC_01" time="0.0" classname="test.tests.launchApp.Tests">
    <skipped/>
  </testcase> <!-- TC_01 -->
</testsuite> <!-- tests -->
